<?xml version="1.0" encoding="UTF-8"?>
<testsuite xmlns:xsi="http://www.w3.org/2001/XMLSchema-instance" xsi:noNamespaceSchemaLocation="https://maven.apache.org/surefire/maven-surefire-plugin/xsd/surefire-test-report-3.0.xsd" version="3.0" name="com.servicecenter.service_center_management.controller.CustomerWorkOrderControllerTest" time="1.561" tests="6" errors="0" skipped="0" failures="0">
  <properties>
[...]
</properties>
  <testcase name="testCreateWorkOrder_Success" classname="com.servicecenter.service_center_management.controller.CustomerWorkOrderControllerTest" time="0.079">
    <system-out><![CDATA[2025-11-07T20:14:01.270+05:30  INFO 29424 --- [           main] t.c.s.AnnotationConfigContextLoaderUtils : Could not detect default configuration classes for test class [com.servicecenter.service_center_management.controller.CustomerWorkOrderControllerTest]: CustomerWorkOrderControllerTest does not declare any static, non-private, non-final, nested classes annotated with @Configuration.
2025-11-07T20:14:01.276+05:30  INFO 29424 --- [           main] .b.t.c.SpringBootTestContextBootstrapper : Found @SpringBootConfiguration com.servicecenter.service_center_management.ServiceCenterManagementApplication for test class com.servicecenter.service_center_management.controller.CustomerWorkOrderControllerTest

  .   ____          _            __ _ _
 /\\ / ___'_ __ _ _(_)_ __  __ _ \ \ \ \
( ( )\___ | '_ | '_| | '_ \/ _` | \ \ \ \
 \\/  ___)| |_)| | | | | || (_| |  ) ) ) )
  '  |____| .__|_| |_|_| |_\__, | / / / /
 =========|_|==============|___/=/_/_/_/
 :: Spring Boot ::                (v3.1.0)

2025-11-07T20:14:01.317+05:30  INFO 29424 --- [           main] c.s.s.c.CustomerWorkOrderControllerTest  : Starting CustomerWorkOrderControllerTest using Java 21.0.9 with PID 29424 (started by TM in C:\Users\TM\Desktop\UNI\EAD\ERP---assignment)
2025-11-07T20:14:01.317+05:30  INFO 29424 --- [           main] c.s.s.c.CustomerWorkOrderControllerTest  : No active profile set, falling back to 1 default profile: "default"
2025-11-07T20:14:01.643+05:30  INFO 29424 --- [           main] .s.d.r.c.RepositoryConfigurationDelegate : Bootstrapping Spring Data JPA repositories in DEFAULT mode.
2025-11-07T20:14:01.675+05:30  INFO 29424 --- [           main] .s.d.r.c.RepositoryConfigurationDelegate : Finished Spring Data repository scanning in 28 ms. Found 5 JPA repository interfaces.
2025-11-07T20:14:01.838+05:30  INFO 29424 --- [           main] o.hibernate.jpa.internal.util.LogHelper  : HHH000204: Processing PersistenceUnitInfo [name: default]
2025-11-07T20:14:01.850+05:30  INFO 29424 --- [           main] o.h.b.i.BytecodeProviderInitiator        : HHH000021: Bytecode provider name : bytebuddy
2025-11-07T20:14:01.850+05:30  INFO 29424 --- [           main] o.s.o.j.p.SpringPersistenceUnitInfo      : No LoadTimeWeaver setup: ignoring JPA class transformer
2025-11-07T20:14:01.850+05:30  INFO 29424 --- [           main] com.zaxxer.hikari.HikariDataSource       : HikariPool-4 - Starting...
2025-11-07T20:14:01.856+05:30  INFO 29424 --- [           main] com.zaxxer.hikari.pool.HikariPool        : HikariPool-4 - Added connection com.mysql.cj.jdbc.ConnectionImpl@3f993305
2025-11-07T20:14:01.856+05:30  INFO 29424 --- [           main] com.zaxxer.hikari.HikariDataSource       : HikariPool-4 - Start completed.
2025-11-07T20:14:01.856+05:30  WARN 29424 --- [           main] org.hibernate.dialect.Dialect            : HHH000511: The 5.5.0 version for [org.hibernate.dialect.MySQLDialect] is no longer supported, hence certain features may not work properly. The minimum supported version is 5.7.0. Check the community dialects project for available legacy versions.
2025-11-07T20:14:01.856+05:30  INFO 29424 --- [           main] org.hibernate.orm.dialect                : HHH035001: Using dialect: org.hibernate.dialect.MySQLDialect, version: 5.5
2025-11-07T20:14:01.959+05:30  INFO 29424 --- [           main] o.h.b.i.BytecodeProviderInitiator        : HHH000021: Bytecode provider name : bytebuddy
2025-11-07T20:14:02.088+05:30  INFO 29424 --- [           main] o.h.e.t.j.p.i.JtaPlatformInitiator       : HHH000490: Using JtaPlatform implementation: [org.hibernate.engine.transaction.jta.platform.internal.NoJtaPlatform]
Hibernate: alter table appointments modify column appointment_date  datetime(6) not null
Hibernate: alter table appointments modify column created_at  datetime(6)
Hibernate: alter table appointments modify column status  enum ('CANCELLED','CONFIRMED','PENDING') not null
Hibernate: alter table time_logs modify column end_time  datetime(6)
Hibernate: alter table time_logs modify column logged_at  datetime(6)
Hibernate: alter table time_logs modify column start_time  datetime(6) not null
Hibernate: alter table users modify column created_at  datetime(6)
Hibernate: alter table users modify column date_of_birth  datetime(6)
Hibernate: alter table users modify column otp_generated_time  datetime(6)
Hibernate: alter table users modify column refresh_token_expiry  datetime(6)
Hibernate: alter table users modify column role  enum ('ADMIN','CUSTOMER','EMPLOYEE') not null
Hibernate: alter table vehicles modify column created_at  datetime(6)
Hibernate: alter table vehicles modify column updated_at  datetime(6)
Hibernate: alter table work_orders modify column actual_completion  datetime(6)
Hibernate: alter table work_orders modify column created_at  datetime(6)
Hibernate: alter table work_orders modify column estimated_completion  datetime(6)
Hibernate: alter table work_orders modify column status  enum ('COMPLETED','IN_PROGRESS','UNASSIGNED') not null
Hibernate: alter table work_orders modify column type  enum ('PROJECT','SERVICE') not null
Hibernate: alter table work_orders modify column updated_at  datetime(6)
2025-11-07T20:14:02.238+05:30  INFO 29424 --- [           main] j.LocalContainerEntityManagerFactoryBean : Initialized JPA EntityManagerFactory for persistence unit 'default'
2025-11-07T20:14:02.498+05:30  WARN 29424 --- [           main] JpaBaseConfiguration$JpaWebConfiguration : spring.jpa.open-in-view is enabled by default. Therefore, database queries may be performed during view rendering. Explicitly configure spring.jpa.open-in-view to disable this warning
2025-11-07T20:14:02.510+05:30  INFO 29424 --- [           main] o.s.s.web.DefaultSecurityFilterChain     : Will secure any request with [org.springframework.security.web.session.DisableEncodeUrlFilter@240f4328, org.springframework.security.web.context.request.async.WebAsyncManagerIntegrationFilter@6cd8b2de, org.springframework.security.web.context.SecurityContextHolderFilter@3d920227, org.springframework.security.web.header.HeaderWriterFilter@40ccaefa, org.springframework.security.web.authentication.logout.LogoutFilter@300f120d, org.springframework.security.web.savedrequest.RequestCacheAwareFilter@75564919, org.springframework.security.web.servletapi.SecurityContextHolderAwareRequestFilter@38bf7a37, org.springframework.security.web.authentication.AnonymousAuthenticationFilter@2f110efa, org.springframework.security.web.access.ExceptionTranslationFilter@aa8f19d, org.springframework.security.web.access.intercept.AuthorizationFilter@34fb399b]
2025-11-07T20:14:02.596+05:30  INFO 29424 --- [           main] o.s.s.web.DefaultSecurityFilterChain     : Will secure any request with [org.springframework.security.web.session.DisableEncodeUrlFilter@7540aa55, org.springframework.security.web.context.request.async.WebAsyncManagerIntegrationFilter@faa592b, org.springframework.security.web.context.SecurityContextHolderFilter@288c16a5, org.springframework.security.web.header.HeaderWriterFilter@34bc5763, org.springframework.web.filter.CorsFilter@49e3bd37, org.springframework.security.web.authentication.logout.LogoutFilter@13bd25ab, com.servicecenter.service_center_management.security.JwtAuthenticationFilter@bfe51c3, org.springframework.security.web.savedrequest.RequestCacheAwareFilter@dc46916, org.springframework.security.web.servletapi.SecurityContextHolderAwareRequestFilter@5b152082, org.springframework.security.web.authentication.AnonymousAuthenticationFilter@64123c4d, org.springframework.security.web.session.SessionManagementFilter@12025b72, org.springframework.security.web.access.ExceptionTranslationFilter@94af25, org.springframework.security.web.access.intercept.AuthorizationFilter@4f7c5402]
2025-11-07T20:14:02.692+05:30  INFO 29424 --- [           main] o.s.b.t.m.w.SpringBootMockServletContext : Initializing Spring TestDispatcherServlet ''
2025-11-07T20:14:02.692+05:30  INFO 29424 --- [           main] o.s.t.web.servlet.TestDispatcherServlet  : Initializing Servlet ''
2025-11-07T20:14:02.692+05:30  INFO 29424 --- [           main] o.s.t.web.servlet.TestDispatcherServlet  : Completed initialization in 0 ms
2025-11-07T20:14:02.698+05:30  INFO 29424 --- [           main] c.s.s.c.CustomerWorkOrderControllerTest  : Started CustomerWorkOrderControllerTest in 1.421 seconds (process running for 23.415)
Hibernate: select u1_0.user_id,u1_0.address,u1_0.created_at,u1_0.date_of_birth,u1_0.email,u1_0.full_name,u1_0.is_super_admin,u1_0.is_verified,u1_0.otp,u1_0.otp_generated_time,u1_0.password_hash,u1_0.phone,u1_0.refresh_token,u1_0.refresh_token_expiry,u1_0.role from users u1_0 where u1_0.email=?
]]></system-out>
  </testcase>
  <testcase name="testGetMyWorkOrders_Success" classname="com.servicecenter.service_center_management.controller.CustomerWorkOrderControllerTest" time="0.006"/>
  <testcase name="testCreateWorkOrder_VehicleNotFound" classname="com.servicecenter.service_center_management.controller.CustomerWorkOrderControllerTest" time="0.012"/>
  <testcase name="testGetWorkOrderById_Success" classname="com.servicecenter.service_center_management.controller.CustomerWorkOrderControllerTest" time="0.006"/>
  <testcase name="testGetWorkOrderById_NotFound" classname="com.servicecenter.service_center_management.controller.CustomerWorkOrderControllerTest" time="0.006"/>
  <testcase name="testCreateWorkOrder_InvalidInput" classname="com.servicecenter.service_center_management.controller.CustomerWorkOrderControllerTest" time="0.012">
    <system-out><![CDATA[2025-11-07T20:14:02.825+05:30  WARN 29424 --- [           main] .w.s.m.s.DefaultHandlerExceptionResolver : Resolved [org.springframework.web.bind.MethodArgumentNotValidException: Validation failed for argument [0] in public org.springframework.http.ResponseEntity<com.servicecenter.service_center_management.dto.ApiResponse<com.servicecenter.service_center_management.dto.WorkOrderResponse>> com.servicecenter.service_center_management.controller.CustomerWorkOrderController.createWorkOrder(com.servicecenter.service_center_management.dto.CreateWorkOrderRequest,org.springframework.security.core.Authentication) with 3 errors: [Field error in object 'createWorkOrderRequest' on field 'vehicleId': rejected value [null]; codes [NotNull.createWorkOrderRequest.vehicleId,NotNull.vehicleId,NotNull.java.lang.Long,NotNull]; arguments [org.springframework.context.support.DefaultMessageSourceResolvable: codes [createWorkOrderRequest.vehicleId,vehicleId]; arguments []; default message [vehicleId]]; default message [Vehicle ID is required]] [Field error in object 'createWorkOrderRequest' on field 'title': rejected value [null]; codes [NotBlank.createWorkOrderRequest.title,NotBlank.title,NotBlank.java.lang.String,NotBlank]; arguments [org.springframework.context.support.DefaultMessageSourceResolvable: codes [createWorkOrderRequest.title,title]; arguments []; default message [title]]; default message [Title is required]] [Field error in object 'createWorkOrderRequest' on field 'type': rejected value [null]; codes [NotBlank.createWorkOrderRequest.type,NotBlank.type,NotBlank.java.lang.String,NotBlank]; arguments [org.springframework.context.support.DefaultMessageSourceResolvable: codes [createWorkOrderRequest.type,type]; arguments []; default message [type]]; default message [Work order type is required]] ]
]]></system-out>
  </testcase>
</testsuite>