<?xml version="1.0" encoding="UTF-8"?>
<testsuite xmlns:xsi="http://www.w3.org/2001/XMLSchema-instance" xsi:noNamespaceSchemaLocation="https://maven.apache.org/surefire/maven-surefire-plugin/xsd/surefire-test-report-3.0.xsd" version="3.0" name="com.servicecenter.service_center_management.controller.AppointmentControllerTest" time="2.155" tests="10" errors="0" skipped="0" failures="0">
  <properties>
[...]
</properties>
  <testcase name="testCancelAppointment_NotFound" classname="com.servicecenter.service_center_management.controller.AppointmentControllerTest" time="0.038">
    <system-out><![CDATA[2025-11-07T20:13:57.419+05:30  INFO 29424 --- [           main] t.c.s.AnnotationConfigContextLoaderUtils : Could not detect default configuration classes for test class [com.servicecenter.service_center_management.controller.AppointmentControllerTest]: AppointmentControllerTest does not declare any static, non-private, non-final, nested classes annotated with @Configuration.
2025-11-07T20:13:57.426+05:30  INFO 29424 --- [           main] .b.t.c.SpringBootTestContextBootstrapper : Found @SpringBootConfiguration com.servicecenter.service_center_management.ServiceCenterManagementApplication for test class com.servicecenter.service_center_management.controller.AppointmentControllerTest

  .   ____          _            __ _ _
 /\\ / ___'_ __ _ _(_)_ __  __ _ \ \ \ \
( ( )\___ | '_ | '_| | '_ \/ _` | \ \ \ \
 \\/  ___)| |_)| | | | | || (_| |  ) ) ) )
  '  |____| .__|_| |_|_| |_\__, | / / / /
 =========|_|==============|___/=/_/_/_/
 :: Spring Boot ::                (v3.1.0)

2025-11-07T20:13:57.495+05:30  INFO 29424 --- [           main] c.s.s.c.AppointmentControllerTest        : Starting AppointmentControllerTest using Java 21.0.9 with PID 29424 (started by TM in C:\Users\TM\Desktop\UNI\EAD\ERP---assignment)
2025-11-07T20:13:57.495+05:30  INFO 29424 --- [           main] c.s.s.c.AppointmentControllerTest        : No active profile set, falling back to 1 default profile: "default"
2025-11-07T20:13:57.991+05:30  INFO 29424 --- [           main] .s.d.r.c.RepositoryConfigurationDelegate : Bootstrapping Spring Data JPA repositories in DEFAULT mode.
2025-11-07T20:13:58.023+05:30  INFO 29424 --- [           main] .s.d.r.c.RepositoryConfigurationDelegate : Finished Spring Data repository scanning in 32 ms. Found 5 JPA repository interfaces.
2025-11-07T20:13:58.258+05:30  INFO 29424 --- [           main] o.hibernate.jpa.internal.util.LogHelper  : HHH000204: Processing PersistenceUnitInfo [name: default]
2025-11-07T20:13:58.269+05:30  INFO 29424 --- [           main] o.h.b.i.BytecodeProviderInitiator        : HHH000021: Bytecode provider name : bytebuddy
2025-11-07T20:13:58.269+05:30  INFO 29424 --- [           main] o.s.o.j.p.SpringPersistenceUnitInfo      : No LoadTimeWeaver setup: ignoring JPA class transformer
2025-11-07T20:13:58.269+05:30  INFO 29424 --- [           main] com.zaxxer.hikari.HikariDataSource       : HikariPool-2 - Starting...
2025-11-07T20:13:58.274+05:30  INFO 29424 --- [           main] com.zaxxer.hikari.pool.HikariPool        : HikariPool-2 - Added connection com.mysql.cj.jdbc.ConnectionImpl@7cc7769d
2025-11-07T20:13:58.274+05:30  INFO 29424 --- [           main] com.zaxxer.hikari.HikariDataSource       : HikariPool-2 - Start completed.
2025-11-07T20:13:58.274+05:30  WARN 29424 --- [           main] org.hibernate.dialect.Dialect            : HHH000511: The 5.5.0 version for [org.hibernate.dialect.MySQLDialect] is no longer supported, hence certain features may not work properly. The minimum supported version is 5.7.0. Check the community dialects project for available legacy versions.
2025-11-07T20:13:58.274+05:30  INFO 29424 --- [           main] org.hibernate.orm.dialect                : HHH035001: Using dialect: org.hibernate.dialect.MySQLDialect, version: 5.5
2025-11-07T20:13:58.392+05:30  INFO 29424 --- [           main] o.h.b.i.BytecodeProviderInitiator        : HHH000021: Bytecode provider name : bytebuddy
2025-11-07T20:13:58.568+05:30  INFO 29424 --- [           main] o.h.e.t.j.p.i.JtaPlatformInitiator       : HHH000490: Using JtaPlatform implementation: [org.hibernate.engine.transaction.jta.platform.internal.NoJtaPlatform]
Hibernate: alter table appointments modify column appointment_date  datetime(6) not null
Hibernate: alter table appointments modify column created_at  datetime(6)
Hibernate: alter table appointments modify column status  enum ('CANCELLED','CONFIRMED','PENDING') not null
Hibernate: alter table time_logs modify column end_time  datetime(6)
Hibernate: alter table time_logs modify column logged_at  datetime(6)
Hibernate: alter table time_logs modify column start_time  datetime(6) not null
Hibernate: alter table users modify column created_at  datetime(6)
Hibernate: alter table users modify column date_of_birth  datetime(6)
Hibernate: alter table users modify column otp_generated_time  datetime(6)
Hibernate: alter table users modify column refresh_token_expiry  datetime(6)
Hibernate: alter table users modify column role  enum ('ADMIN','CUSTOMER','EMPLOYEE') not null
Hibernate: alter table vehicles modify column created_at  datetime(6)
Hibernate: alter table vehicles modify column updated_at  datetime(6)
Hibernate: alter table work_orders modify column actual_completion  datetime(6)
Hibernate: alter table work_orders modify column created_at  datetime(6)
Hibernate: alter table work_orders modify column estimated_completion  datetime(6)
Hibernate: alter table work_orders modify column status  enum ('COMPLETED','IN_PROGRESS','UNASSIGNED') not null
Hibernate: alter table work_orders modify column type  enum ('PROJECT','SERVICE') not null
Hibernate: alter table work_orders modify column updated_at  datetime(6)
2025-11-07T20:13:58.772+05:30  INFO 29424 --- [           main] j.LocalContainerEntityManagerFactoryBean : Initialized JPA EntityManagerFactory for persistence unit 'default'
2025-11-07T20:13:59.056+05:30  WARN 29424 --- [           main] JpaBaseConfiguration$JpaWebConfiguration : spring.jpa.open-in-view is enabled by default. Therefore, database queries may be performed during view rendering. Explicitly configure spring.jpa.open-in-view to disable this warning
2025-11-07T20:13:59.072+05:30  INFO 29424 --- [           main] o.s.s.web.DefaultSecurityFilterChain     : Will secure any request with [org.springframework.security.web.session.DisableEncodeUrlFilter@992f314, org.springframework.security.web.context.request.async.WebAsyncManagerIntegrationFilter@5bf963a, org.springframework.security.web.context.SecurityContextHolderFilter@67710b92, org.springframework.security.web.header.HeaderWriterFilter@3467d540, org.springframework.security.web.authentication.logout.LogoutFilter@74cf0dd9, org.springframework.security.web.savedrequest.RequestCacheAwareFilter@56e32a23, org.springframework.security.web.servletapi.SecurityContextHolderAwareRequestFilter@11caa21d, org.springframework.security.web.authentication.AnonymousAuthenticationFilter@2a38b5c7, org.springframework.security.web.access.ExceptionTranslationFilter@138a8c9e, org.springframework.security.web.access.intercept.AuthorizationFilter@7f2c0470]
2025-11-07T20:13:59.186+05:30  INFO 29424 --- [           main] o.s.s.web.DefaultSecurityFilterChain     : Will secure any request with [org.springframework.security.web.session.DisableEncodeUrlFilter@26d68ea4, org.springframework.security.web.context.request.async.WebAsyncManagerIntegrationFilter@18bec5eb, org.springframework.security.web.context.SecurityContextHolderFilter@53ed864c, org.springframework.security.web.header.HeaderWriterFilter@12a065c5, org.springframework.web.filter.CorsFilter@1155ab2c, org.springframework.security.web.authentication.logout.LogoutFilter@491ef90c, com.servicecenter.service_center_management.security.JwtAuthenticationFilter@5db3afff, org.springframework.security.web.savedrequest.RequestCacheAwareFilter@29514616, org.springframework.security.web.servletapi.SecurityContextHolderAwareRequestFilter@38ce90b4, org.springframework.security.web.authentication.AnonymousAuthenticationFilter@6f78eb17, org.springframework.security.web.session.SessionManagementFilter@6385af63, org.springframework.security.web.access.ExceptionTranslationFilter@64e3d4ab, org.springframework.security.web.access.intercept.AuthorizationFilter@26db1100]
2025-11-07T20:13:59.318+05:30  INFO 29424 --- [           main] o.s.b.t.m.w.SpringBootMockServletContext : Initializing Spring TestDispatcherServlet ''
2025-11-07T20:13:59.318+05:30  INFO 29424 --- [           main] o.s.t.web.servlet.TestDispatcherServlet  : Initializing Servlet ''
2025-11-07T20:13:59.318+05:30  INFO 29424 --- [           main] o.s.t.web.servlet.TestDispatcherServlet  : Completed initialization in 0 ms
2025-11-07T20:13:59.320+05:30  INFO 29424 --- [           main] c.s.s.c.AppointmentControllerTest        : Started AppointmentControllerTest in 1.895 seconds (process running for 20.04)
Hibernate: select u1_0.user_id,u1_0.address,u1_0.created_at,u1_0.date_of_birth,u1_0.email,u1_0.full_name,u1_0.is_super_admin,u1_0.is_verified,u1_0.otp,u1_0.otp_generated_time,u1_0.password_hash,u1_0.phone,u1_0.refresh_token,u1_0.refresh_token_expiry,u1_0.role from users u1_0 where u1_0.email=?
]]></system-out>
  </testcase>
  <testcase name="testBookAppointment_ForbiddenForEmployee" classname="com.servicecenter.service_center_management.controller.AppointmentControllerTest" time="0.061"/>
  <testcase name="testGetAppointmentById_Success" classname="com.servicecenter.service_center_management.controller.AppointmentControllerTest" time="0.031"/>
  <testcase name="testGetCustomerAppointments_Success" classname="com.servicecenter.service_center_management.controller.AppointmentControllerTest" time="0.045"/>
  <testcase name="testGetAppointmentById_NotFound" classname="com.servicecenter.service_center_management.controller.AppointmentControllerTest" time="0"/>
  <testcase name="testCancelAppointment_Success" classname="com.servicecenter.service_center_management.controller.AppointmentControllerTest" time="0.015"/>
  <testcase name="testBookAppointment_Success" classname="com.servicecenter.service_center_management.controller.AppointmentControllerTest" time="0"/>
  <testcase name="testBookAppointment_PastDate" classname="com.servicecenter.service_center_management.controller.AppointmentControllerTest" time="0.016">
    <system-out><![CDATA[2025-11-07T20:13:59.545+05:30  WARN 29424 --- [           main] .w.s.m.s.DefaultHandlerExceptionResolver : Resolved [org.springframework.web.bind.MethodArgumentNotValidException: Validation failed for argument [0] in public org.springframework.http.ResponseEntity<com.servicecenter.service_center_management.dto.ApiResponse<com.servicecenter.service_center_management.dto.AppointmentResponse>> com.servicecenter.service_center_management.controller.AppointmentController.bookAppointment(com.servicecenter.service_center_management.dto.AppointmentRequest,org.springframework.security.core.Authentication): [Field error in object 'appointmentRequest' on field 'appointmentDate': rejected value [2025-11-06T20:13:59.529725]; codes [Future.appointmentRequest.appointmentDate,Future.appointmentDate,Future.java.time.LocalDateTime,Future]; arguments [org.springframework.context.support.DefaultMessageSourceResolvable: codes [appointmentRequest.appointmentDate,appointmentDate]; arguments []; default message [appointmentDate]]; default message [Appointment date must be in the future]] ]
]]></system-out>
  </testcase>
  <testcase name="testGetCustomerAppointments_ForbiddenForEmployee" classname="com.servicecenter.service_center_management.controller.AppointmentControllerTest" time="0.017"/>
  <testcase name="testUpdateAppointment_Success" classname="com.servicecenter.service_center_management.controller.AppointmentControllerTest" time="0.009"/>
</testsuite>